<?xml version="1.0" encoding="UTF-8"?>
<testsuite xmlns:xsi="http://www.w3.org/2001/XMLSchema-instance" xsi:noNamespaceSchemaLocation="https://maven.apache.org/surefire/maven-surefire-plugin/xsd/surefire-test-report-3.0.xsd" version="3.0" name="com.runnerClass.TestRunner" time="12.576" tests="3" errors="0" skipped="0" failures="0">
  <properties>
[...]
</properties>
  <testcase name="runScenario[&quot;Verification of Loginpage with valid username credentials&quot;, &quot;Verify home screen&quot;](1)" classname="com.runnerClass.TestRunner" time="4.103">
    <system-out><![CDATA[
@tag2
Scenario Outline: Verification of Loginpage with valid username credentials # src/test/resources/Feature/Amz.feature:11
URL launched
  Given App is launched                                                     # com.stepDef.StepDefinitions.app_is_launched()
  When user enter the username on the App option "sakthi" "1123"            # com.stepDef.StepDefinitions.user_enter_the_username_on_the_app_option(java.lang.String,java.lang.String)
  Then user click the login button on the App option                        # com.stepDef.StepDefinitions.user_click_the_login_button_on_the_app_option()
]]></system-out>
    <system-err><![CDATA[SLF4J: No SLF4J providers were found.
SLF4J: Defaulting to no-operation (NOP) logger implementation
SLF4J: See https://www.slf4j.org/codes.html#noProviders for further details.
Sep 04, 2024 5:52:19 PM org.openqa.selenium.devtools.CdpVersionFinder findNearestMatch
WARNING: Unable to find CDP implementation matching 128
Sep 04, 2024 5:52:19 PM org.openqa.selenium.chromium.ChromiumDriver lambda$new$5
WARNING: Unable to find version of CDP to use for 128.0.6613.119. You may need to include a dependency on a specific version of the CDP using something similar to `org.seleniumhq.selenium:selenium-devtools-v86:4.13.0` where the version ("v86") matches the version of the chromium-based browser you're using and the version number of the artifact is the same as Selenium's.
]]></system-err>
  </testcase>
  <testcase name="runScenario[&quot;Verification of Loginpage with valid username credentials&quot;, &quot;Verify home screen&quot;](2)" classname="com.runnerClass.TestRunner" time="2.978">
    <system-out><![CDATA[
@tag2
Scenario Outline: Verification of Loginpage with valid username credentials # src/test/resources/Feature/Amz.feature:20
URL launched
  Given App is launched                                                     # com.stepDef.StepDefinitions.app_is_launched()
  When user enter the username on the App option "vel" "1123"               # com.stepDef.StepDefinitions.user_enter_the_username_on_the_app_option(java.lang.String,java.lang.String)
  Then user click the login button on the App option                        # com.stepDef.StepDefinitions.user_click_the_login_button_on_the_app_option()
]]></system-out>
    <system-err><![CDATA[Sep 04, 2024 5:52:22 PM org.openqa.selenium.devtools.CdpVersionFinder findNearestMatch
WARNING: Unable to find CDP implementation matching 128
Sep 04, 2024 5:52:22 PM org.openqa.selenium.chromium.ChromiumDriver lambda$new$5
WARNING: Unable to find version of CDP to use for 128.0.6613.119. You may need to include a dependency on a specific version of the CDP using something similar to `org.seleniumhq.selenium:selenium-devtools-v86:4.13.0` where the version ("v86") matches the version of the chromium-based browser you're using and the version number of the artifact is the same as Selenium's.
]]></system-err>
  </testcase>
  <testcase name="runScenario[&quot;Verification of Loginpage with valid username credentials&quot;, &quot;Verify home screen&quot;](3)" classname="com.runnerClass.TestRunner" time="3.276">
    <system-out><![CDATA[
@tag2
Scenario Outline: Verification of Loginpage with valid username credentials # src/test/resources/Feature/Amz.feature:29
URL launched
  Given App is launched                                                     # com.stepDef.StepDefinitions.app_is_launched()
  When user enter the username on the App option "vinay" "1123"             # com.stepDef.StepDefinitions.user_enter_the_username_on_the_app_option(java.lang.String,java.lang.String)
  Then user click the login button on the App option                        # com.stepDef.StepDefinitions.user_click_the_login_button_on_the_app_option()
]]></system-out>
    <system-err><![CDATA[Sep 04, 2024 5:52:25 PM org.openqa.selenium.devtools.CdpVersionFinder findNearestMatch
WARNING: Unable to find CDP implementation matching 128
Sep 04, 2024 5:52:25 PM org.openqa.selenium.chromium.ChromiumDriver lambda$new$5
WARNING: Unable to find version of CDP to use for 128.0.6613.119. You may need to include a dependency on a specific version of the CDP using something similar to `org.seleniumhq.selenium:selenium-devtools-v86:4.13.0` where the version ("v86") matches the version of the chromium-based browser you're using and the version number of the artifact is the same as Selenium's.
]]></system-err>
  </testcase>
</testsuite>