<?xml version="1.0" encoding="UTF-8"?>
<testng-results ignored="0" total="5" passed="5" failed="0" skipped="0">
  <reporter-output>
  </reporter-output>
  <suite started-at="2024-09-10T13:14:38 IST" name="Default suite" finished-at="2024-09-10T13:15:02 IST" duration-ms="24686">
    <groups>
      <group name="cucumber">
        <method signature="AbstractTestNGCucumberTests.runScenario(io.cucumber.testng.PickleWrapper,io.cucumber.testng.FeatureWrapper)[pri:0, instance:com.runnerClass.TestRunner@fa4c865]" name="runScenario" class="io.cucumber.testng.AbstractTestNGCucumberTests"/>
      </group> <!-- cucumber -->
    </groups>
    <test started-at="2024-09-10T13:14:38 IST" name="Default test" finished-at="2024-09-10T13:15:02 IST" duration-ms="24686">
      <class name="com.runnerClass.TestRunner">
        <test-method is-config="true" signature="setUpClass(org.testng.ITestContext)[pri:0, instance:com.runnerClass.TestRunner@fa4c865]" started-at="2024-09-10T13:14:38 IST" name="setUpClass" finished-at="2024-09-10T13:14:38 IST" duration-ms="475" status="PASS">
          <params>
            <param index="0">
              <value>
                <![CDATA[org.testng.TestRunner@3a3b10f4]]>
              </value>
            </param>
          </params>
          <reporter-output>
          </reporter-output>
        </test-method> <!-- setUpClass -->
        <test-method signature="runScenario(io.cucumber.testng.PickleWrapper,io.cucumber.testng.FeatureWrapper)[pri:0, instance:com.runnerClass.TestRunner@fa4c865]" started-at="2024-09-10T13:14:38 IST" name="runScenario" description="Runs Cucumber Scenarios" data-provider="scenarios" finished-at="2024-09-10T13:14:43 IST" duration-ms="4818" status="PASS">
          <params>
            <param index="0">
              <value>
                <![CDATA["Verification of Loginpage with valid username credentials"]]>
              </value>
            </param>
            <param index="1">
              <value>
                <![CDATA["Verify home screen"]]>
              </value>
            </param>
          </params>
          <reporter-output>
          </reporter-output>
        </test-method> <!-- runScenario -->
        <test-method signature="runScenario(io.cucumber.testng.PickleWrapper,io.cucumber.testng.FeatureWrapper)[pri:0, instance:com.runnerClass.TestRunner@fa4c865]" started-at="2024-09-10T13:14:43 IST" name="runScenario" description="Runs Cucumber Scenarios" data-provider="scenarios" finished-at="2024-09-10T13:14:47 IST" duration-ms="3911" status="PASS">
          <params>
            <param index="0">
              <value>
                <![CDATA["Verification of Loginpage with valid username credentials"]]>
              </value>
            </param>
            <param index="1">
              <value>
                <![CDATA["Verify home screen"]]>
              </value>
            </param>
          </params>
          <reporter-output>
          </reporter-output>
        </test-method> <!-- runScenario -->
        <test-method signature="runScenario(io.cucumber.testng.PickleWrapper,io.cucumber.testng.FeatureWrapper)[pri:0, instance:com.runnerClass.TestRunner@fa4c865]" started-at="2024-09-10T13:14:47 IST" name="runScenario" description="Runs Cucumber Scenarios" data-provider="scenarios" finished-at="2024-09-10T13:14:51 IST" duration-ms="3634" status="PASS">
          <params>
            <param index="0">
              <value>
                <![CDATA["Verification of Loginpage with valid username credentials"]]>
              </value>
            </param>
            <param index="1">
              <value>
                <![CDATA["Verify home screen"]]>
              </value>
            </param>
          </params>
          <reporter-output>
          </reporter-output>
        </test-method> <!-- runScenario -->
        <test-method signature="runScenario(io.cucumber.testng.PickleWrapper,io.cucumber.testng.FeatureWrapper)[pri:0, instance:com.runnerClass.TestRunner@fa4c865]" started-at="2024-09-10T13:14:51 IST" name="runScenario" description="Runs Cucumber Scenarios" data-provider="scenarios" finished-at="2024-09-10T13:14:55 IST" duration-ms="3817" status="PASS">
          <params>
            <param index="0">
              <value>
                <![CDATA["Verification of Loginpage with valid username credentials"]]>
              </value>
            </param>
            <param index="1">
              <value>
                <![CDATA["Verify home screen"]]>
              </value>
            </param>
          </params>
          <reporter-output>
          </reporter-output>
        </test-method> <!-- runScenario -->
        <test-method signature="runScenario(io.cucumber.testng.PickleWrapper,io.cucumber.testng.FeatureWrapper)[pri:0, instance:com.runnerClass.TestRunner@fa4c865]" started-at="2024-09-10T13:14:55 IST" name="runScenario" description="Runs Cucumber Scenarios" data-provider="scenarios" finished-at="2024-09-10T13:14:59 IST" duration-ms="4242" status="PASS">
          <params>
            <param index="0">
              <value>
                <![CDATA["Verification of Loginpage with valid username credentials"]]>
              </value>
            </param>
            <param index="1">
              <value>
                <![CDATA["Verify home screen"]]>
              </value>
            </param>
          </params>
          <reporter-output>
          </reporter-output>
        </test-method> <!-- runScenario -->
        <test-method is-config="true" signature="tearDownClass()[pri:0, instance:com.runnerClass.TestRunner@fa4c865]" started-at="2024-09-10T13:14:59 IST" name="tearDownClass" finished-at="2024-09-10T13:15:02 IST" duration-ms="3743" status="PASS">
          <reporter-output>
          </reporter-output>
        </test-method> <!-- tearDownClass -->
      </class> <!-- com.runnerClass.TestRunner -->
    </test> <!-- Default test -->
  </suite> <!-- Default suite -->
</testng-results>
