<?xml version="1.0" encoding="UTF-8"?>
<testng-results ignored="0" total="5" passed="5" failed="0" skipped="0">
  <reporter-output>
  </reporter-output>
  <suite started-at="2024-09-26T15:49:34 IST" name="Default suite" finished-at="2024-09-26T15:49:56 IST" duration-ms="21409">
    <groups>
      <group name="cucumber">
        <method signature="AbstractTestNGCucumberTests.runScenario(io.cucumber.testng.PickleWrapper,io.cucumber.testng.FeatureWrapper)[pri:0, instance:com.runnerClass.TestRunner@7dc0f706]" name="runScenario" class="io.cucumber.testng.AbstractTestNGCucumberTests"/>
      </group> <!-- cucumber -->
    </groups>
    <test started-at="2024-09-26T15:49:34 IST" name="Default test" finished-at="2024-09-26T15:49:56 IST" duration-ms="21409">
      <class name="com.runnerClass.TestRunner">
        <test-method is-config="true" signature="setUpClass(org.testng.ITestContext)[pri:0, instance:com.runnerClass.TestRunner@7dc0f706]" started-at="2024-09-26T15:49:34 IST" name="setUpClass" finished-at="2024-09-26T15:49:35 IST" duration-ms="623" status="PASS">
          <params>
            <param index="0">
              <value>
                <![CDATA[org.testng.TestRunner@32e830a0]]>
              </value>
            </param>
          </params>
          <reporter-output>
          </reporter-output>
        </test-method> <!-- setUpClass -->
        <test-method signature="runScenario(io.cucumber.testng.PickleWrapper,io.cucumber.testng.FeatureWrapper)[pri:0, instance:com.runnerClass.TestRunner@7dc0f706]" started-at="2024-09-26T15:49:35 IST" name="runScenario" description="Runs Cucumber Scenarios" data-provider="scenarios" finished-at="2024-09-26T15:49:40 IST" duration-ms="5369" status="PASS">
          <params>
            <param index="0">
              <value>
                <![CDATA["Verification of Loginpage with valid username credentials"]]>
              </value>
            </param>
            <param index="1">
              <value>
                <![CDATA["Verify home screen"]]>
              </value>
            </param>
          </params>
          <reporter-output>
          </reporter-output>
        </test-method> <!-- runScenario -->
        <test-method signature="runScenario(io.cucumber.testng.PickleWrapper,io.cucumber.testng.FeatureWrapper)[pri:0, instance:com.runnerClass.TestRunner@7dc0f706]" started-at="2024-09-26T15:49:40 IST" name="runScenario" description="Runs Cucumber Scenarios" data-provider="scenarios" finished-at="2024-09-26T15:49:44 IST" duration-ms="3232" status="PASS">
          <params>
            <param index="0">
              <value>
                <![CDATA["Verification of Loginpage with valid username credentials"]]>
              </value>
            </param>
            <param index="1">
              <value>
                <![CDATA["Verify home screen"]]>
              </value>
            </param>
          </params>
          <reporter-output>
          </reporter-output>
        </test-method> <!-- runScenario -->
        <test-method signature="runScenario(io.cucumber.testng.PickleWrapper,io.cucumber.testng.FeatureWrapper)[pri:0, instance:com.runnerClass.TestRunner@7dc0f706]" started-at="2024-09-26T15:49:44 IST" name="runScenario" description="Runs Cucumber Scenarios" data-provider="scenarios" finished-at="2024-09-26T15:49:47 IST" duration-ms="3575" status="PASS">
          <params>
            <param index="0">
              <value>
                <![CDATA["Verification of Loginpage with valid username credentials"]]>
              </value>
            </param>
            <param index="1">
              <value>
                <![CDATA["Verify home screen"]]>
              </value>
            </param>
          </params>
          <reporter-output>
          </reporter-output>
        </test-method> <!-- runScenario -->
        <test-method signature="runScenario(io.cucumber.testng.PickleWrapper,io.cucumber.testng.FeatureWrapper)[pri:0, instance:com.runnerClass.TestRunner@7dc0f706]" started-at="2024-09-26T15:49:47 IST" name="runScenario" description="Runs Cucumber Scenarios" data-provider="scenarios" finished-at="2024-09-26T15:49:50 IST" duration-ms="3065" status="PASS">
          <params>
            <param index="0">
              <value>
                <![CDATA["Verification of Loginpage with valid username credentials"]]>
              </value>
            </param>
            <param index="1">
              <value>
                <![CDATA["Verify home screen"]]>
              </value>
            </param>
          </params>
          <reporter-output>
          </reporter-output>
        </test-method> <!-- runScenario -->
        <test-method signature="runScenario(io.cucumber.testng.PickleWrapper,io.cucumber.testng.FeatureWrapper)[pri:0, instance:com.runnerClass.TestRunner@7dc0f706]" started-at="2024-09-26T15:49:50 IST" name="runScenario" description="Runs Cucumber Scenarios" data-provider="scenarios" finished-at="2024-09-26T15:49:54 IST" duration-ms="3399" status="PASS">
          <params>
            <param index="0">
              <value>
                <![CDATA["Verification of Loginpage with valid username credentials"]]>
              </value>
            </param>
            <param index="1">
              <value>
                <![CDATA["Verify home screen"]]>
              </value>
            </param>
          </params>
          <reporter-output>
          </reporter-output>
        </test-method> <!-- runScenario -->
        <test-method is-config="true" signature="tearDownClass()[pri:0, instance:com.runnerClass.TestRunner@7dc0f706]" started-at="2024-09-26T15:49:54 IST" name="tearDownClass" finished-at="2024-09-26T15:49:56 IST" duration-ms="2107" status="PASS">
          <reporter-output>
          </reporter-output>
        </test-method> <!-- tearDownClass -->
      </class> <!-- com.runnerClass.TestRunner -->
    </test> <!-- Default test -->
  </suite> <!-- Default suite -->
</testng-results>
